TN:
SF:src\domain\helpers\InvalidParamError.js
FN:2,InvalidParamError
FNF:1
FNH:1
FNDA:2,InvalidParamError
DA:1,1
DA:2,1
DA:3,2
DA:4,2
DA:5,2
DA:6,1
DA:7,1
DA:8,1
LF:8
LH:8
BRDA:2,0,0,2
BRF:1
BRH:1
end_of_record
TN:
SF:src\domain\helpers\http-response.js
FN:6,badRequest
FN:12,serverError
FN:18,ok
FN:25,unauthorizedError
FNF:4
FNH:4
FNDA:3,badRequest
FNDA:8,serverError
FNDA:3,ok
FNDA:1,unauthorizedError
DA:1,1
DA:2,1
DA:3,1
DA:4,1
DA:5,1
DA:6,1
DA:7,3
DA:8,3
DA:9,3
DA:10,3
DA:11,3
DA:12,1
DA:13,8
DA:14,8
DA:15,8
DA:16,8
DA:17,8
DA:18,1
DA:19,3
DA:20,3
DA:21,3
DA:22,3
DA:23,3
DA:24,1
DA:25,1
DA:26,1
DA:27,1
DA:28,1
DA:29,1
DA:30,1
DA:31,1
DA:32,1
DA:33,1
LF:33
LH:33
BRDA:6,0,0,3
BRDA:12,1,0,8
BRDA:18,2,0,3
BRDA:25,3,0,1
BRF:4
BRH:4
end_of_record
TN:
SF:src\domain\helpers\missing-param-error.js
FN:2,MissingParamError
FNF:1
FNH:1
FNDA:4,MissingParamError
DA:1,1
DA:2,1
DA:3,4
DA:4,4
DA:5,4
DA:6,1
DA:7,1
DA:8,1
LF:8
LH:8
BRDA:2,0,0,4
BRF:1
BRH:1
end_of_record
TN:
SF:src\domain\helpers\server-error.js
FN:2,ServerError
FNF:1
FNH:1
FNDA:16,ServerError
DA:1,1
DA:2,1
DA:3,16
DA:4,16
DA:5,16
DA:6,1
DA:7,1
DA:8,1
LF:8
LH:8
BRDA:2,0,0,16
BRF:1
BRH:1
end_of_record
TN:
SF:src\domain\helpers\unauthorized-error.js
FN:2,UnauthorizedError
FNF:1
FNH:1
FNDA:2,UnauthorizedError
DA:1,1
DA:2,1
DA:3,2
DA:4,2
DA:5,2
DA:6,1
DA:7,1
DA:8,1
LF:8
LH:8
BRDA:2,0,0,2
BRF:1
BRH:1
end_of_record
TN:
SF:src\domain\routers\login-router.js
FN:6,LoginRouter
FN:11,route
FNF:2
FNH:2
FNDA:15,LoginRouter
FNDA:15,route
DA:1,1
DA:2,1
DA:3,1
DA:4,1
DA:5,1
DA:6,1
DA:7,15
DA:8,15
DA:9,15
DA:10,1
DA:11,1
DA:12,15
DA:13,15
DA:14,15
DA:15,15
DA:16,15
DA:17,15
DA:18,15
DA:19,15
DA:20,15
DA:21,15
DA:22,15
DA:23,15
DA:24,15
DA:25,15
DA:26,1
DA:27,1
DA:28,12
DA:29,15
DA:30,1
DA:31,1
DA:32,11
DA:33,15
DA:34,1
DA:35,1
DA:36,4
DA:37,4
DA:38,15
DA:39,3
DA:40,3
DA:41,15
DA:42,8
DA:43,8
DA:44,8
DA:45,15
DA:46,1
DA:47,1
DA:48,1
LF:48
LH:48
BRDA:6,0,0,15
BRDA:11,1,0,15
BRDA:25,2,0,1
BRDA:27,3,0,12
BRDA:29,4,0,1
BRDA:31,5,0,11
BRDA:33,6,0,1
BRDA:35,7,0,4
BRDA:38,8,0,1
BRDA:38,9,0,3
BRDA:41,10,0,8
BRF:11
BRH:11
end_of_record
